{"name":"contactUsTest","id":"tests.ContactUsTest:contactUsTest","testCaseName":"tests.ContactUsTest","userStory":{"id":"tests.ContactUsTest","storyName":"Contact us test","storyClassName":"tests.ContactUsTest","path":"tests","type":"story"},"featureTag":{"name":"Tests/Contact us test","type":"story","displayName":"Tests/Contact us test"},"title":"Contact us test","tags":[{"name":"Tests/Contact us test","type":"story","displayName":"Tests/Contact us test"}],"startTime":"2020-05-30T22:17:19.011968+03:00[Europe/Moscow]","duration":251,"testFailureCause":{"errorType":"net.thucydides.core.pages.WrongPageError","message":"The page object class pages.ContactUsPage looks dodgy:\nThis page object does not appear have a constructor that takes a WebDriver parameter","stackTrace":[]},"testFailureClassname":"net.thucydides.core.pages.WrongPageError","testFailureMessage":"The page object class pages.ContactUsPage looks dodgy:\nThis page object does not appear have a constructor that takes a WebDriver parameter","testFailureSummary":"FAILURE;net.thucydides.core.pages.WrongPageError;The page object class pages.ContactUsPage looks dodgy:\nThis page object does not appear have a constructor that takes a WebDriver parameter;","projectKey":"","annotatedResult":"FAILURE","driver":"","isManualTestingUpToDate":false,"manual":false,"testSource":"JUnit","result":"FAILURE"}